
576 : 0xc0478790bc : 1 : spill_jit_data :  Jit agent is not initialized
576 : 0xc04787c134 : 2 : ittapi_config_mask_get :  --itt-config mask to be applied: 55
576 : 0xc04787c1ac : 2 : ittapi_config_apply_per_lib :  ITTAPI function instrumented: __itt_domain_createA
576 : 0xc04787c1c3 : 2 : ittapi_config_apply_per_lib :  ITTAPI function instrumented: __itt_domain_createW
576 : 0xc04787c1d7 : 2 : ittapi_config_apply_per_lib :  ITTAPI function instrumented: __itt_string_handle_createA
576 : 0xc04787c1e8 : 2 : ittapi_config_apply_per_lib :  ITTAPI function instrumented: __itt_string_handle_createW
576 : 0xc04787c1fa : 2 : ittapi_config_apply_per_lib :  ITTAPI function instrumented: __itt_counter_createA
576 : 0xc04787c20b : 2 : ittapi_config_apply_per_lib :  ITTAPI function instrumented: __itt_counter_createW
576 : 0xc04787c21d : 2 : ittapi_config_apply_per_lib :  ITTAPI function instrumented: __itt_counter_create_typedA
576 : 0xc04787c22d : 2 : ittapi_config_apply_per_lib :  ITTAPI function instrumented: __itt_counter_create_typedW
576 : 0xc04787c503 : 2 : ittapi_config_apply_per_lib :  ITTAPI function instrumented: __itt_pause
576 : 0xc04787c51e : 2 : ittapi_config_apply_per_lib :  ITTAPI function instrumented: __itt_resume
576 : 0xc04787c531 : 2 : ittapi_config_apply_per_lib :  ITTAPI function instrumented: __itt_thread_set_nameA
576 : 0xc04787c547 : 2 : ittapi_config_apply_per_lib :  ITTAPI function instrumented: __itt_thread_set_nameW
576 : 0xc04787c55a : 2 : ittapi_config_apply_per_lib :  ITTAPI function instrumented: __itt_thread_ignore
576 : 0xc04787c56e : 2 : ittapi_config_apply_per_lib :  ITTAPI function instrumented: __itt_thr_name_setA
576 : 0xc04787c581 : 2 : ittapi_config_apply_per_lib :  ITTAPI function instrumented: __itt_thr_name_setW
576 : 0xc04787c593 : 2 : ittapi_config_apply_per_lib :  ITTAPI function instrumented: __itt_thr_ignore
576 : 0xc04787c5b4 : 2 : ittapi_config_apply_per_lib :  ITTAPI function not implemented: __itt_enable_attach
576 : 0xc04787c5c8 : 2 : ittapi_config_apply_per_lib :  ITTAPI function instrumented: __itt_detach
576 : 0xc04787c619 : 2 : ittapi_config_apply_per_lib :  ITTAPI function NOT instrumented (not matched by --itt-config option): __itt_sync_createA

576 : 0xc04787c631 : 2 : ittapi_config_apply_per_lib :  ITTAPI function NOT instrumented (not matched by --itt-config option): __itt_sync_createW

576 : 0xc04787c648 : 2 : ittapi_config_apply_per_lib :  ITTAPI function NOT instrumented (not matched by --itt-config option): __itt_sync_renameA

576 : 0xc04787c65e : 2 : ittapi_config_apply_per_lib :  ITTAPI function NOT instrumented (not matched by --itt-config option): __itt_sync_renameW

576 : 0xc04787c674 : 2 : ittapi_config_apply_per_lib :  ITTAPI function NOT instrumented (not matched by --itt-config option): __itt_sync_destroy

576 : 0xc04787c68a : 2 : ittapi_config_apply_per_lib :  ITTAPI function NOT instrumented (not matched by --itt-config option): __itt_sync_prepare

576 : 0xc04787c6ff : 2 : ittapi_config_apply_per_lib :  ITTAPI function NOT instrumented (not matched by --itt-config option): __itt_sync_cancel

576 : 0xc04787c715 : 2 : ittapi_config_apply_per_lib :  ITTAPI function NOT instrumented (not matched by --itt-config option): __itt_sync_acquired

576 : 0xc04787c72b : 2 : ittapi_config_apply_per_lib :  ITTAPI function NOT instrumented (not matched by --itt-config option): __itt_sync_releasing

576 : 0xc04787c748 : 2 : ittapi_config_apply_per_lib :  ITTAPI function not implemented: __itt_suppress_push
576 : 0xc04787c775 : 2 : ittapi_config_apply_per_lib :  ITTAPI function not implemented: __itt_suppress_pop
576 : 0xc04787c78b : 2 : ittapi_config_apply_per_lib :  ITTAPI function not implemented: __itt_suppress_mark_range
576 : 0xc04787c79e : 2 : ittapi_config_apply_per_lib :  ITTAPI function not implemented: __itt_suppress_clear_range
576 : 0xc04787c7ae : 2 : ittapi_config_apply_per_lib :  ITTAPI function NOT instrumented (not matched by --itt-config option): __itt_sync_prepare

576 : 0xc04787c7c3 : 2 : ittapi_config_apply_per_lib :  ITTAPI function NOT instrumented (not matched by --itt-config option): __itt_sync_cancel

576 : 0xc04787c7d7 : 2 : ittapi_config_apply_per_lib :  ITTAPI function NOT instrumented (not matched by --itt-config option): __itt_sync_acquired

576 : 0xc04787c7eb : 2 : ittapi_config_apply_per_lib :  ITTAPI function NOT instrumented (not matched by --itt-config option): __itt_sync_releasing

576 : 0xc04787c802 : 2 : ittapi_config_apply_per_lib :  ITTAPI function NOT instrumented (not matched by --itt-config option): __itt_model_site_begin

576 : 0xc04787c817 : 2 : ittapi_config_apply_per_lib :  ITTAPI function NOT instrumented (not matched by --itt-config option): __itt_model_site_end

576 : 0xc04787c82d : 2 : ittapi_config_apply_per_lib :  ITTAPI function NOT instrumented (not matched by --itt-config option): __itt_model_task_begin

576 : 0xc04787c8fb : 2 : ittapi_config_apply_per_lib :  ITTAPI function NOT instrumented (not matched by --itt-config option): __itt_model_task_end

576 : 0xc04787c914 : 2 : ittapi_config_apply_per_lib :  ITTAPI function NOT instrumented (not matched by --itt-config option): __itt_model_lock_acquire

576 : 0xc04787c92b : 2 : ittapi_config_apply_per_lib :  ITTAPI function NOT instrumented (not matched by --itt-config option): __itt_model_lock_release

576 : 0xc04787c942 : 2 : ittapi_config_apply_per_lib :  ITTAPI function NOT instrumented (not matched by --itt-config option): __itt_model_record_allocation

576 : 0xc04787c957 : 2 : ittapi_config_apply_per_lib :  ITTAPI function NOT instrumented (not matched by --itt-config option): __itt_model_record_deallocation

576 : 0xc04787c96c : 2 : ittapi_config_apply_per_lib :  ITTAPI function NOT instrumented (not matched by --itt-config option): __itt_model_induction_uses

576 : 0xc04787c982 : 2 : ittapi_config_apply_per_lib :  ITTAPI function NOT instrumented (not matched by --itt-config option): __itt_model_reduction_uses

576 : 0xc04787c997 : 2 : ittapi_config_apply_per_lib :  ITTAPI function NOT instrumented (not matched by --itt-config option): __itt_model_observe_uses

576 : 0xc04787c9ae : 2 : ittapi_config_apply_per_lib :  ITTAPI function NOT instrumented (not matched by --itt-config option): __itt_model_clear_uses

576 : 0xc04787c9c3 : 2 : ittapi_config_apply_per_lib :  ITTAPI function NOT instrumented (not matched by --itt-config option): __itt_model_site_beginW

576 : 0xc04787c9f6 : 2 : ittapi_config_apply_per_lib :  ITTAPI function NOT instrumented (not matched by --itt-config option): __itt_model_task_beginW

576 : 0xc04787ca0d : 2 : ittapi_config_apply_per_lib :  ITTAPI function NOT instrumented (not matched by --itt-config option): __itt_model_iteration_taskW

576 : 0xc04787ca23 : 2 : ittapi_config_apply_per_lib :  ITTAPI function NOT instrumented (not matched by --itt-config option): __itt_model_site_beginA

576 : 0xc04787ca38 : 2 : ittapi_config_apply_per_lib :  ITTAPI function NOT instrumented (not matched by --itt-config option): __itt_model_site_beginAL

576 : 0xc04787ca4e : 2 : ittapi_config_apply_per_lib :  ITTAPI function NOT instrumented (not matched by --itt-config option): __itt_model_task_beginA

576 : 0xc04787ca63 : 2 : ittapi_config_apply_per_lib :  ITTAPI function NOT instrumented (not matched by --itt-config option): __itt_model_task_beginAL

576 : 0xc04787ca78 : 2 : ittapi_config_apply_per_lib :  ITTAPI function NOT instrumented (not matched by --itt-config option): __itt_model_iteration_taskA

576 : 0xc04787ca8e : 2 : ittapi_config_apply_per_lib :  ITTAPI function NOT instrumented (not matched by --itt-config option): __itt_model_iteration_taskAL

576 : 0xc04787caa3 : 2 : ittapi_config_apply_per_lib :  ITTAPI function NOT instrumented (not matched by --itt-config option): __itt_model_site_end_2

576 : 0xc04787cab8 : 2 : ittapi_config_apply_per_lib :  ITTAPI function NOT instrumented (not matched by --itt-config option): __itt_model_task_end_2

576 : 0xc04787cae2 : 2 : ittapi_config_apply_per_lib :  ITTAPI function NOT instrumented (not matched by --itt-config option): __itt_model_lock_acquire_2

576 : 0xc04787caf9 : 2 : ittapi_config_apply_per_lib :  ITTAPI function NOT instrumented (not matched by --itt-config option): __itt_model_lock_release_2

576 : 0xc04787cb0f : 2 : ittapi_config_apply_per_lib :  ITTAPI function NOT instrumented (not matched by --itt-config option): __itt_model_aggregate_task

576 : 0xc04787cb25 : 2 : ittapi_config_apply_per_lib :  ITTAPI function NOT instrumented (not matched by --itt-config option): __itt_model_disable_push

576 : 0xc04787cb3b : 2 : ittapi_config_apply_per_lib :  ITTAPI function NOT instrumented (not matched by --itt-config option): __itt_model_disable_pop

576 : 0xc04787cb57 : 2 : ittapi_config_apply_per_lib :  ITTAPI function instrumented: __itt_heap_function_createA
576 : 0xc04787cb69 : 2 : ittapi_config_apply_per_lib :  ITTAPI function instrumented: __itt_heap_function_createW
576 : 0xc04787cb7a : 2 : ittapi_config_apply_per_lib :  ITTAPI function instrumented: __itt_heap_allocate_begin
576 : 0xc04787cb8c : 2 : ittapi_config_apply_per_lib :  ITTAPI function instrumented: __itt_heap_allocate_end
576 : 0xc04787cb9d : 2 : ittapi_config_apply_per_lib :  ITTAPI function instrumented: __itt_heap_free_begin
576 : 0xc04787cbcf : 2 : ittapi_config_apply_per_lib :  ITTAPI function instrumented: __itt_heap_free_end
576 : 0xc04787cbe4 : 2 : ittapi_config_apply_per_lib :  ITTAPI function instrumented: __itt_heap_reallocate_begin
576 : 0xc04787cbf7 : 2 : ittapi_config_apply_per_lib :  ITTAPI function instrumented: __itt_heap_reallocate_end
576 : 0xc04787cc0b : 2 : ittapi_config_apply_per_lib :  ITTAPI function not implemented: __itt_heap_internal_access_begin
576 : 0xc04787cc20 : 2 : ittapi_config_apply_per_lib :  ITTAPI function not implemented: __itt_heap_internal_access_end
576 : 0xc04787cc34 : 2 : ittapi_config_apply_per_lib :  ITTAPI function not implemented: __itt_heap_record_memory_growth_begin
576 : 0xc04787cc48 : 2 : ittapi_config_apply_per_lib :  ITTAPI function not implemented: __itt_heap_record_memory_growth_end
576 : 0xc04787cc5b : 2 : ittapi_config_apply_per_lib :  ITTAPI function not implemented: __itt_heap_reset_detection
576 : 0xc04787cc6e : 2 : ittapi_config_apply_per_lib :  ITTAPI function not implemented: __itt_heap_record
576 : 0xc04787cc81 : 2 : ittapi_config_apply_per_lib :  ITTAPI function not implemented: __itt_id_create
576 : 0xc04787ccae : 2 : ittapi_config_apply_per_lib :  ITTAPI function not implemented: __itt_id_destroy
576 : 0xc04787ccc1 : 2 : ittapi_config_apply_per_lib :  ITTAPI function instrumented: __itt_get_timestamp
576 : 0xc04787ccd3 : 2 : ittapi_config_apply_per_lib :  ITTAPI function not implemented: __itt_region_begin
576 : 0xc04787cce7 : 2 : ittapi_config_apply_per_lib :  ITTAPI function not implemented: __itt_region_end
576 : 0xc04787ccf9 : 2 : ittapi_config_apply_per_lib :  ITTAPI function instrumented: __itt_frame_begin_v3
576 : 0xc04787cd0b : 2 : ittapi_config_apply_per_lib :  ITTAPI function instrumented: __itt_frame_end_v3
576 : 0xc04787cd1c : 2 : ittapi_config_apply_per_lib :  ITTAPI function instrumented: __itt_frame_submit_v3
576 : 0xc04787cd2f : 2 : ittapi_config_apply_per_lib :  ITTAPI function not implemented: __itt_task_group
576 : 0xc04787cd41 : 2 : ittapi_config_apply_per_lib :  ITTAPI function instrumented: __itt_task_begin
576 : 0xc04787cd53 : 2 : ittapi_config_apply_per_lib :  ITTAPI function instrumented: __itt_task_begin_fn
576 : 0xc04787cd79 : 2 : ittapi_config_apply_per_lib :  ITTAPI function instrumented: __itt_task_end
576 : 0xc04787cd8e : 2 : ittapi_config_apply_per_lib :  ITTAPI function not implemented: __itt_counter_inc_v3
576 : 0xc04787cda1 : 2 : ittapi_config_apply_per_lib :  ITTAPI function not implemented: __itt_counter_inc_delta_v3
576 : 0xc04787cdb5 : 2 : ittapi_config_apply_per_lib :  ITTAPI function not implemented: __itt_counter_dec_v3
576 : 0xc04787cdc8 : 2 : ittapi_config_apply_per_lib :  ITTAPI function not implemented: __itt_counter_dec_delta_v3
576 : 0xc04787cddb : 2 : ittapi_config_apply_per_lib :  ITTAPI function not implemented: __itt_marker
576 : 0xc04787cded : 2 : ittapi_config_apply_per_lib :  ITTAPI function instrumented: __itt_metadata_add
576 : 0xc04787cdff : 2 : ittapi_config_apply_per_lib :  ITTAPI function not implemented: __itt_metadata_str_addA
576 : 0xc04787ce12 : 2 : ittapi_config_apply_per_lib :  ITTAPI function not implemented: __itt_metadata_str_addW
576 : 0xc04787ce24 : 2 : ittapi_config_apply_per_lib :  ITTAPI function not implemented: __itt_relation_add_to_current
576 : 0xc04787ce56 : 2 : ittapi_config_apply_per_lib :  ITTAPI function not implemented: __itt_relation_add
576 : 0xc04787ce69 : 2 : ittapi_config_apply_per_lib :  ITTAPI function instrumented: __itt_event_createA
576 : 0xc04787ce79 : 2 : ittapi_config_apply_per_lib :  ITTAPI function instrumented: __itt_event_createW
576 : 0xc04787ce8a : 2 : ittapi_config_apply_per_lib :  ITTAPI function instrumented: __itt_event_start
576 : 0xc04787ce9b : 2 : ittapi_config_apply_per_lib :  ITTAPI function instrumented: __itt_event_end
576 : 0xc04787cea9 : 2 : ittapi_config_apply_per_lib :  ITTAPI function NOT instrumented (not matched by --itt-config option): __itt_sync_set_nameA

576 : 0xc04787cebe : 2 : ittapi_config_apply_per_lib :  ITTAPI function NOT instrumented (not matched by --itt-config option): __itt_sync_set_nameW

576 : 0xc04787ced3 : 2 : ittapi_config_apply_per_lib :  ITTAPI function NOT instrumented (not matched by --itt-config option): __itt_notify_sync_nameA

576 : 0xc04787cee8 : 2 : ittapi_config_apply_per_lib :  ITTAPI function NOT instrumented (not matched by --itt-config option): __itt_notify_sync_nameW

576 : 0xc04787cefc : 2 : ittapi_config_apply_per_lib :  ITTAPI function NOT instrumented (not matched by --itt-config option): __itt_notify_sync_prepare

576 : 0xc04787cf29 : 2 : ittapi_config_apply_per_lib :  ITTAPI function NOT instrumented (not matched by --itt-config option): __itt_notify_sync_cancel

576 : 0xc04787cf3f : 2 : ittapi_config_apply_per_lib :  ITTAPI function NOT instrumented (not matched by --itt-config option): __itt_notify_sync_acquired

576 : 0xc04787cf54 : 2 : ittapi_config_apply_per_lib :  ITTAPI function NOT instrumented (not matched by --itt-config option): __itt_notify_sync_releasing

576 : 0xc04787cf6d : 2 : ittapi_config_apply_per_lib :  ITTAPI function not implemented: __itt_memory_read
576 : 0xc04787cf7f : 2 : ittapi_config_apply_per_lib :  ITTAPI function not implemented: __itt_memory_write
576 : 0xc04787cf92 : 2 : ittapi_config_apply_per_lib :  ITTAPI function not implemented: __itt_memory_update
576 : 0xc04787cfa5 : 2 : ittapi_config_apply_per_lib :  ITTAPI function not implemented: __itt_state_get
576 : 0xc04787cfb7 : 2 : ittapi_config_apply_per_lib :  ITTAPI function not implemented: __itt_state_set
576 : 0xc04787cfc9 : 2 : ittapi_config_apply_per_lib :  ITTAPI function not implemented: __itt_obj_mode_set
576 : 0xc04787cfdc : 2 : ittapi_config_apply_per_lib :  ITTAPI function not implemented: __itt_thr_mode_set
576 : 0xc04787d002 : 2 : ittapi_config_apply_per_lib :  ITTAPI function instrumented: __itt_frame_createA
576 : 0xc04787d012 : 2 : ittapi_config_apply_per_lib :  ITTAPI function instrumented: __itt_frame_createW
576 : 0xc04787d023 : 2 : ittapi_config_apply_per_lib :  ITTAPI function instrumented: __itt_frame_begin
576 : 0xc04787d035 : 2 : ittapi_config_apply_per_lib :  ITTAPI function instrumented: __itt_frame_end
576 : 0xc04787d046 : 2 : ittapi_config_apply_per_lib :  ITTAPI function not implemented: __itt_counter_destroy
576 : 0xc04787d057 : 2 : ittapi_config_apply_per_lib :  ITTAPI function instrumented: __itt_counter_inc
576 : 0xc04787d069 : 2 : ittapi_config_apply_per_lib :  ITTAPI function instrumented: __itt_counter_inc_delta
576 : 0xc04787d07b : 2 : ittapi_config_apply_per_lib :  ITTAPI function instrumented: __itt_counter_dec
576 : 0xc04787d08c : 2 : ittapi_config_apply_per_lib :  ITTAPI function instrumented: __itt_counter_dec_delta
576 : 0xc04787d09c : 2 : ittapi_config_apply_per_lib :  ITTAPI function instrumented: __itt_counter_set_value
576 : 0xc04787d0c4 : 2 : ittapi_config_apply_per_lib :  ITTAPI function not implemented: __itt_counter_set_value_ex
576 : 0xc04787d0d7 : 2 : ittapi_config_apply_per_lib :  ITTAPI function not implemented: __itt_mark_createA
576 : 0xc04787d0ea : 2 : ittapi_config_apply_per_lib :  ITTAPI function not implemented: __itt_mark_createW
576 : 0xc04787d0fd : 2 : ittapi_config_apply_per_lib :  ITTAPI function not implemented: __itt_markA
576 : 0xc04787d110 : 2 : ittapi_config_apply_per_lib :  ITTAPI function not implemented: __itt_markW
576 : 0xc04787d122 : 2 : ittapi_config_apply_per_lib :  ITTAPI function not implemented: __itt_mark_off
576 : 0xc04787d133 : 2 : ittapi_config_apply_per_lib :  ITTAPI function not implemented: __itt_mark_globalA
576 : 0xc04787d145 : 2 : ittapi_config_apply_per_lib :  ITTAPI function not implemented: __itt_mark_globalW
576 : 0xc04787d157 : 2 : ittapi_config_apply_per_lib :  ITTAPI function not implemented: __itt_mark_global_off
576 : 0xc04787d16a : 2 : ittapi_config_apply_per_lib :  ITTAPI function instrumented: __itt_stack_caller_create
576 : 0xc04787d217 : 2 : ittapi_config_apply_per_lib :  ITTAPI function instrumented: __itt_stack_caller_destroy
576 : 0xc04787d22c : 2 : ittapi_config_apply_per_lib :  ITTAPI function instrumented: __itt_stack_callee_enter
576 : 0xc04787d23e : 2 : ittapi_config_apply_per_lib :  ITTAPI function instrumented: __itt_stack_callee_leave
576 : 0xc04787d251 : 2 : ittapi_config_apply_per_lib :  ITTAPI function not implemented: __itt_clock_domain_create
576 : 0xc04787d265 : 2 : ittapi_config_apply_per_lib :  ITTAPI function not implemented: __itt_clock_domain_reset
576 : 0xc04787d277 : 2 : ittapi_config_apply_per_lib :  ITTAPI function not implemented: __itt_id_create_ex
576 : 0xc04787d289 : 2 : ittapi_config_apply_per_lib :  ITTAPI function not implemented: __itt_id_destroy_ex
576 : 0xc04787d29c : 2 : ittapi_config_apply_per_lib :  ITTAPI function not implemented: __itt_task_begin_ex
576 : 0xc04787d2af : 2 : ittapi_config_apply_per_lib :  ITTAPI function not implemented: __itt_task_begin_fn_ex
576 : 0xc04787d2c2 : 2 : ittapi_config_apply_per_lib :  ITTAPI function not implemented: __itt_task_end_ex
576 : 0xc04787d2ed : 2 : ittapi_config_apply_per_lib :  ITTAPI function instrumented: __itt_task_begin_overlapped
576 : 0xc04787d301 : 2 : ittapi_config_apply_per_lib :  ITTAPI function not implemented: __itt_task_begin_overlapped_ex
576 : 0xc04787d313 : 2 : ittapi_config_apply_per_lib :  ITTAPI function instrumented: __itt_task_end_overlapped
576 : 0xc04787d325 : 2 : ittapi_config_apply_per_lib :  ITTAPI function not implemented: __itt_task_end_overlapped_ex
576 : 0xc04787d338 : 2 : ittapi_config_apply_per_lib :  ITTAPI function not implemented: __itt_marker_ex
576 : 0xc04787d34a : 2 : ittapi_config_apply_per_lib :  ITTAPI function not implemented: __itt_metadata_add_with_scope
576 : 0xc04787d35d : 2 : ittapi_config_apply_per_lib :  ITTAPI function not implemented: __itt_metadata_str_add_with_scopeA
576 : 0xc04787d370 : 2 : ittapi_config_apply_per_lib :  ITTAPI function not implemented: __itt_metadata_str_add_with_scopeW
576 : 0xc04787d382 : 2 : ittapi_config_apply_per_lib :  ITTAPI function not implemented: __itt_relation_add_to_current_ex
576 : 0xc04787d395 : 2 : ittapi_config_apply_per_lib :  ITTAPI function not implemented: __itt_relation_add_ex
576 : 0xc04787d3bb : 2 : ittapi_config_apply_per_lib :  ITTAPI function not implemented: __itt_track_group_create
576 : 0xc04787d3cd : 2 : ittapi_config_apply_per_lib :  ITTAPI function not implemented: __itt_track_create
576 : 0xc04787d3e1 : 2 : ittapi_config_apply_per_lib :  ITTAPI function not implemented: __itt_set_track
576 : 0xc04787d3f3 : 2 : ittapi_config_apply_per_lib :  ITTAPI function instrumented: __itt_api_version
576 : 0xc04787d406 : 2 : ittapi_config_apply_per_lib :  ITTAPI function not implemented: __itt_av_saveA
576 : 0xc04787d418 : 2 : ittapi_config_apply_per_lib :  ITTAPI function not implemented: __itt_av_saveW
576 : 0xc04787d42a : 2 : ittapi_config_apply_per_lib :  ITTAPI function instrumented: __itt_module_loadA
576 : 0xc04787d43c : 2 : ittapi_config_apply_per_lib :  ITTAPI function instrumented: __itt_module_loadW
576 : 0xc0478834e3 : 2 : ittapi_config_mask_get :  --itt-config mask to be applied: 55
576 : 0xc047883526 : 2 : ittapi_config_apply_per_lib :  ITTAPI function instrumented: __itt_domain_createA
576 : 0xc0478835ad : 2 : ittapi_config_apply_per_lib :  ITTAPI function instrumented: __itt_domain_createW
576 : 0xc0478835c3 : 2 : ittapi_config_apply_per_lib :  ITTAPI function instrumented: __itt_string_handle_createA
576 : 0xc0478835d5 : 2 : ittapi_config_apply_per_lib :  ITTAPI function instrumented: __itt_string_handle_createW
576 : 0xc0478835e8 : 2 : ittapi_config_apply_per_lib :  ITTAPI function instrumented: __itt_pause
576 : 0xc0478835fc : 2 : ittapi_config_apply_per_lib :  ITTAPI function instrumented: __itt_resume
576 : 0xc04788360e : 2 : ittapi_config_apply_per_lib :  ITTAPI function instrumented: __itt_thread_set_nameA
576 : 0xc047883621 : 2 : ittapi_config_apply_per_lib :  ITTAPI function instrumented: __itt_thread_set_nameW
576 : 0xc047883633 : 2 : ittapi_config_apply_per_lib :  ITTAPI function instrumented: __itt_thread_ignore
576 : 0xc047883644 : 2 : ittapi_config_apply_per_lib :  ITTAPI function instrumented: __itt_thr_name_setA
576 : 0xc047883655 : 2 : ittapi_config_apply_per_lib :  ITTAPI function instrumented: __itt_thr_name_setW
576 : 0xc04788368c : 2 : ittapi_config_apply_per_lib :  ITTAPI function instrumented: __itt_thr_ignore
576 : 0xc0478836a7 : 2 : ittapi_config_apply_per_lib :  ITTAPI function not implemented: __itt_enable_attach
576 : 0xc0478836ba : 2 : ittapi_config_apply_per_lib :  ITTAPI function instrumented: __itt_detach
576 : 0xc0478836c8 : 2 : ittapi_config_apply_per_lib :  ITTAPI function NOT instrumented (not matched by --itt-config option): __itt_sync_createA

576 : 0xc0478836df : 2 : ittapi_config_apply_per_lib :  ITTAPI function NOT instrumented (not matched by --itt-config option): __itt_sync_createW

576 : 0xc0478836f5 : 2 : ittapi_config_apply_per_lib :  ITTAPI function NOT instrumented (not matched by --itt-config option): __itt_sync_renameA

576 : 0xc04788370d : 2 : ittapi_config_apply_per_lib :  ITTAPI function NOT instrumented (not matched by --itt-config option): __itt_sync_renameW

576 : 0xc04788372a : 2 : ittapi_config_apply_per_lib :  ITTAPI function NOT instrumented (not matched by --itt-config option): __itt_sync_destroy

576 : 0xc047883747 : 2 : ittapi_config_apply_per_lib :  ITTAPI function NOT instrumented (not matched by --itt-config option): __itt_sync_prepare

576 : 0xc047883764 : 2 : ittapi_config_apply_per_lib :  ITTAPI function NOT instrumented (not matched by --itt-config option): __itt_sync_cancel

576 : 0xc04788379c : 2 : ittapi_config_apply_per_lib :  ITTAPI function NOT instrumented (not matched by --itt-config option): __itt_sync_acquired

576 : 0xc0478837bb : 2 : ittapi_config_apply_per_lib :  ITTAPI function NOT instrumented (not matched by --itt-config option): __itt_sync_releasing

576 : 0xc0478837dd : 2 : ittapi_config_apply_per_lib :  ITTAPI function not implemented: __itt_suppress_push
576 : 0xc0478837f6 : 2 : ittapi_config_apply_per_lib :  ITTAPI function not implemented: __itt_suppress_pop
576 : 0xc047883812 : 2 : ittapi_config_apply_per_lib :  ITTAPI function not implemented: __itt_suppress_mark_range
576 : 0xc047883873 : 2 : ittapi_config_apply_per_lib :  ITTAPI function not implemented: __itt_suppress_clear_range
576 : 0xc047883883 : 2 : ittapi_config_apply_per_lib :  ITTAPI function NOT instrumented (not matched by --itt-config option): __itt_sync_prepare

576 : 0xc047883897 : 2 : ittapi_config_apply_per_lib :  ITTAPI function NOT instrumented (not matched by --itt-config option): __itt_sync_cancel

576 : 0xc0478838ac : 2 : ittapi_config_apply_per_lib :  ITTAPI function NOT instrumented (not matched by --itt-config option): __itt_sync_acquired

576 : 0xc0478838c1 : 2 : ittapi_config_apply_per_lib :  ITTAPI function NOT instrumented (not matched by --itt-config option): __itt_sync_releasing

576 : 0xc0478838f0 : 2 : ittapi_config_apply_per_lib :  ITTAPI function NOT instrumented (not matched by --itt-config option): __itt_model_site_begin

576 : 0xc047883906 : 2 : ittapi_config_apply_per_lib :  ITTAPI function NOT instrumented (not matched by --itt-config option): __itt_model_site_end

576 : 0xc04788391b : 2 : ittapi_config_apply_per_lib :  ITTAPI function NOT instrumented (not matched by --itt-config option): __itt_model_task_begin

576 : 0xc047883931 : 2 : ittapi_config_apply_per_lib :  ITTAPI function NOT instrumented (not matched by --itt-config option): __itt_model_task_end

576 : 0xc047883946 : 2 : ittapi_config_apply_per_lib :  ITTAPI function NOT instrumented (not matched by --itt-config option): __itt_model_lock_acquire

576 : 0xc04788395c : 2 : ittapi_config_apply_per_lib :  ITTAPI function NOT instrumented (not matched by --itt-config option): __itt_model_lock_release

576 : 0xc047883971 : 2 : ittapi_config_apply_per_lib :  ITTAPI function NOT instrumented (not matched by --itt-config option): __itt_model_record_allocation

576 : 0xc047883986 : 2 : ittapi_config_apply_per_lib :  ITTAPI function NOT instrumented (not matched by --itt-config option): __itt_model_record_deallocation

576 : 0xc04788399b : 2 : ittapi_config_apply_per_lib :  ITTAPI function NOT instrumented (not matched by --itt-config option): __itt_model_induction_uses

576 : 0xc0478839b0 : 2 : ittapi_config_apply_per_lib :  ITTAPI function NOT instrumented (not matched by --itt-config option): __itt_model_reduction_uses

576 : 0xc0478839e3 : 2 : ittapi_config_apply_per_lib :  ITTAPI function NOT instrumented (not matched by --itt-config option): __itt_model_observe_uses

576 : 0xc0478839fa : 2 : ittapi_config_apply_per_lib :  ITTAPI function NOT instrumented (not matched by --itt-config option): __itt_model_clear_uses

576 : 0xc047883a10 : 2 : ittapi_config_apply_per_lib :  ITTAPI function NOT instrumented (not matched by --itt-config option): __itt_model_site_beginW

576 : 0xc047883a25 : 2 : ittapi_config_apply_per_lib :  ITTAPI function NOT instrumented (not matched by --itt-config option): __itt_model_task_beginW

576 : 0xc047883a39 : 2 : ittapi_config_apply_per_lib :  ITTAPI function NOT instrumented (not matched by --itt-config option): __itt_model_iteration_taskW

576 : 0xc047883a4e : 2 : ittapi_config_apply_per_lib :  ITTAPI function NOT instrumented (not matched by --itt-config option): __itt_model_site_beginA

576 : 0xc047883a63 : 2 : ittapi_config_apply_per_lib :  ITTAPI function NOT instrumented (not matched by --itt-config option): __itt_model_site_beginAL

576 : 0xc047883a78 : 2 : ittapi_config_apply_per_lib :  ITTAPI function NOT instrumented (not matched by --itt-config option): __itt_model_task_beginA

576 : 0xc047883a8d : 2 : ittapi_config_apply_per_lib :  ITTAPI function NOT instrumented (not matched by --itt-config option): __itt_model_task_beginAL

576 : 0xc047883aa2 : 2 : ittapi_config_apply_per_lib :  ITTAPI function NOT instrumented (not matched by --itt-config option): __itt_model_iteration_taskA

576 : 0xc047883ad1 : 2 : ittapi_config_apply_per_lib :  ITTAPI function NOT instrumented (not matched by --itt-config option): __itt_model_iteration_taskAL

576 : 0xc047883ae8 : 2 : ittapi_config_apply_per_lib :  ITTAPI function NOT instrumented (not matched by --itt-config option): __itt_model_site_end_2

576 : 0xc047883afe : 2 : ittapi_config_apply_per_lib :  ITTAPI function NOT instrumented (not matched by --itt-config option): __itt_model_task_end_2

576 : 0xc047883b13 : 2 : ittapi_config_apply_per_lib :  ITTAPI function NOT instrumented (not matched by --itt-config option): __itt_model_lock_acquire_2

576 : 0xc047883b28 : 2 : ittapi_config_apply_per_lib :  ITTAPI function NOT instrumented (not matched by --itt-config option): __itt_model_lock_release_2

576 : 0xc047883b3e : 2 : ittapi_config_apply_per_lib :  ITTAPI function NOT instrumented (not matched by --itt-config option): __itt_model_aggregate_task

576 : 0xc047883b53 : 2 : ittapi_config_apply_per_lib :  ITTAPI function NOT instrumented (not matched by --itt-config option): __itt_model_disable_push

576 : 0xc047883b68 : 2 : ittapi_config_apply_per_lib :  ITTAPI function NOT instrumented (not matched by --itt-config option): __itt_model_disable_pop

576 : 0xc047883b81 : 2 : ittapi_config_apply_per_lib :  ITTAPI function instrumented: __itt_heap_function_createA
576 : 0xc047883b92 : 2 : ittapi_config_apply_per_lib :  ITTAPI function instrumented: __itt_heap_function_createW
576 : 0xc047883bc0 : 2 : ittapi_config_apply_per_lib :  ITTAPI function instrumented: __itt_heap_allocate_begin
576 : 0xc047883bd3 : 2 : ittapi_config_apply_per_lib :  ITTAPI function instrumented: __itt_heap_allocate_end
576 : 0xc047883be3 : 2 : ittapi_config_apply_per_lib :  ITTAPI function instrumented: __itt_heap_free_begin
576 : 0xc047883bf5 : 2 : ittapi_config_apply_per_lib :  ITTAPI function instrumented: __itt_heap_free_end
576 : 0xc047883c06 : 2 : ittapi_config_apply_per_lib :  ITTAPI function instrumented: __itt_heap_reallocate_begin
576 : 0xc047883c17 : 2 : ittapi_config_apply_per_lib :  ITTAPI function instrumented: __itt_heap_reallocate_end
576 : 0xc047883c2a : 2 : ittapi_config_apply_per_lib :  ITTAPI function not implemented: __itt_heap_internal_access_begin
576 : 0xc047883c3c : 2 : ittapi_config_apply_per_lib :  ITTAPI function not implemented: __itt_heap_internal_access_end
576 : 0xc047883c4f : 2 : ittapi_config_apply_per_lib :  ITTAPI function not implemented: __itt_heap_record_memory_growth_begin
576 : 0xc047883c61 : 2 : ittapi_config_apply_per_lib :  ITTAPI function not implemented: __itt_heap_record_memory_growth_end
576 : 0xc047883c8d : 2 : ittapi_config_apply_per_lib :  ITTAPI function not implemented: __itt_heap_reset_detection
576 : 0xc047883ca0 : 2 : ittapi_config_apply_per_lib :  ITTAPI function not implemented: __itt_heap_record
576 : 0xc047883cb2 : 2 : ittapi_config_apply_per_lib :  ITTAPI function not implemented: __itt_id_create
576 : 0xc047883cc5 : 2 : ittapi_config_apply_per_lib :  ITTAPI function not implemented: __itt_id_destroy
576 : 0xc047883cd7 : 2 : ittapi_config_apply_per_lib :  ITTAPI function instrumented: __itt_get_timestamp
576 : 0xc047883ce9 : 2 : ittapi_config_apply_per_lib :  ITTAPI function not implemented: __itt_region_begin
576 : 0xc047883cfc : 2 : ittapi_config_apply_per_lib :  ITTAPI function not implemented: __itt_region_end
576 : 0xc047883d0d : 2 : ittapi_config_apply_per_lib :  ITTAPI function instrumented: __itt_frame_begin_v3
576 : 0xc047883d1f : 2 : ittapi_config_apply_per_lib :  ITTAPI function instrumented: __itt_frame_end_v3
576 : 0xc047883d31 : 2 : ittapi_config_apply_per_lib :  ITTAPI function instrumented: __itt_frame_submit_v3
576 : 0xc047883d59 : 2 : ittapi_config_apply_per_lib :  ITTAPI function not implemented: __itt_task_group
576 : 0xc047883d6c : 2 : ittapi_config_apply_per_lib :  ITTAPI function instrumented: __itt_task_begin
576 : 0xc047883d7e : 2 : ittapi_config_apply_per_lib :  ITTAPI function instrumented: __itt_task_begin_fn
576 : 0xc047883d90 : 2 : ittapi_config_apply_per_lib :  ITTAPI function instrumented: __itt_task_end
576 : 0xc047883da4 : 2 : ittapi_config_apply_per_lib :  ITTAPI function not implemented: __itt_counter_inc_v3
576 : 0xc047883db7 : 2 : ittapi_config_apply_per_lib :  ITTAPI function not implemented: __itt_counter_inc_delta_v3
576 : 0xc047883dca : 2 : ittapi_config_apply_per_lib :  ITTAPI function not implemented: __itt_marker
576 : 0xc047883ddc : 2 : ittapi_config_apply_per_lib :  ITTAPI function instrumented: __itt_metadata_add
576 : 0xc047883ded : 2 : ittapi_config_apply_per_lib :  ITTAPI function not implemented: __itt_metadata_str_addA
576 : 0xc047883e01 : 2 : ittapi_config_apply_per_lib :  ITTAPI function not implemented: __itt_metadata_str_addW
576 : 0xc047883e27 : 2 : ittapi_config_apply_per_lib :  ITTAPI function not implemented: __itt_relation_add_to_current
576 : 0xc047883e3a : 2 : ittapi_config_apply_per_lib :  ITTAPI function not implemented: __itt_relation_add
576 : 0xc047883e4c : 2 : ittapi_config_apply_per_lib :  ITTAPI function instrumented: __itt_event_createA
576 : 0xc047883e5d : 2 : ittapi_config_apply_per_lib :  ITTAPI function instrumented: __itt_event_createW
576 : 0xc047883e6e : 2 : ittapi_config_apply_per_lib :  ITTAPI function instrumented: __itt_event_start
576 : 0xc047883e7f : 2 : ittapi_config_apply_per_lib :  ITTAPI function instrumented: __itt_event_end
576 : 0xc047883e8d : 2 : ittapi_config_apply_per_lib :  ITTAPI function NOT instrumented (not matched by --itt-config option): __itt_sync_set_nameA

576 : 0xc047883ea1 : 2 : ittapi_config_apply_per_lib :  ITTAPI function NOT instrumented (not matched by --itt-config option): __itt_sync_set_nameW

576 : 0xc047883eb6 : 2 : ittapi_config_apply_per_lib :  ITTAPI function NOT instrumented (not matched by --itt-config option): __itt_notify_sync_nameA

576 : 0xc047883ecb : 2 : ittapi_config_apply_per_lib :  ITTAPI function NOT instrumented (not matched by --itt-config option): __itt_notify_sync_nameW

576 : 0xc04788405f : 2 : ittapi_config_apply_per_lib :  ITTAPI function NOT instrumented (not matched by --itt-config option): __itt_notify_sync_prepare

576 : 0xc047884078 : 2 : ittapi_config_apply_per_lib :  ITTAPI function NOT instrumented (not matched by --itt-config option): __itt_notify_sync_cancel

576 : 0xc04788408f : 2 : ittapi_config_apply_per_lib :  ITTAPI function NOT instrumented (not matched by --itt-config option): __itt_notify_sync_acquired

576 : 0xc0478840a4 : 2 : ittapi_config_apply_per_lib :  ITTAPI function NOT instrumented (not matched by --itt-config option): __itt_notify_sync_releasing

576 : 0xc0478840c2 : 2 : ittapi_config_apply_per_lib :  ITTAPI function not implemented: __itt_memory_read
576 : 0xc0478840d5 : 2 : ittapi_config_apply_per_lib :  ITTAPI function not implemented: __itt_memory_write
576 : 0xc0478840e9 : 2 : ittapi_config_apply_per_lib :  ITTAPI function not implemented: __itt_memory_update
576 : 0xc0478840fc : 2 : ittapi_config_apply_per_lib :  ITTAPI function not implemented: __itt_state_get
576 : 0xc04788410e : 2 : ittapi_config_apply_per_lib :  ITTAPI function not implemented: __itt_state_set
576 : 0xc047884169 : 2 : ittapi_config_apply_per_lib :  ITTAPI function not implemented: __itt_obj_mode_set
576 : 0xc04788419d : 2 : ittapi_config_apply_per_lib :  ITTAPI function not implemented: __itt_thr_mode_set
576 : 0xc0478841b1 : 2 : ittapi_config_apply_per_lib :  ITTAPI function instrumented: __itt_frame_createA
576 : 0xc0478841c2 : 2 : ittapi_config_apply_per_lib :  ITTAPI function instrumented: __itt_frame_createW
576 : 0xc0478841d4 : 2 : ittapi_config_apply_per_lib :  ITTAPI function instrumented: __itt_frame_begin
576 : 0xc0478841e5 : 2 : ittapi_config_apply_per_lib :  ITTAPI function instrumented: __itt_frame_end
576 : 0xc0478841f7 : 2 : ittapi_config_apply_per_lib :  ITTAPI function instrumented: __itt_counter_createA
576 : 0xc047884207 : 2 : ittapi_config_apply_per_lib :  ITTAPI function instrumented: __itt_counter_createW
576 : 0xc04788421a : 2 : ittapi_config_apply_per_lib :  ITTAPI function not implemented: __itt_counter_destroy
576 : 0xc04788422c : 2 : ittapi_config_apply_per_lib :  ITTAPI function instrumented: __itt_counter_inc
576 : 0xc04788423d : 2 : ittapi_config_apply_per_lib :  ITTAPI function instrumented: __itt_counter_inc_delta
576 : 0xc047884265 : 2 : ittapi_config_apply_per_lib :  ITTAPI function not implemented: __itt_mark_createA
576 : 0xc047884277 : 2 : ittapi_config_apply_per_lib :  ITTAPI function not implemented: __itt_mark_createW
576 : 0xc04788428a : 2 : ittapi_config_apply_per_lib :  ITTAPI function not implemented: __itt_markA
576 : 0xc04788429d : 2 : ittapi_config_apply_per_lib :  ITTAPI function not implemented: __itt_markW
576 : 0xc0478842af : 2 : ittapi_config_apply_per_lib :  ITTAPI function not implemented: __itt_mark_off
576 : 0xc0478842c2 : 2 : ittapi_config_apply_per_lib :  ITTAPI function not implemented: __itt_mark_globalA
576 : 0xc0478842d3 : 2 : ittapi_config_apply_per_lib :  ITTAPI function not implemented: __itt_mark_globalW
576 : 0xc0478842e5 : 2 : ittapi_config_apply_per_lib :  ITTAPI function not implemented: __itt_mark_global_off
576 : 0xc0478842f8 : 2 : ittapi_config_apply_per_lib :  ITTAPI function instrumented: __itt_stack_caller_create
576 : 0xc047884309 : 2 : ittapi_config_apply_per_lib :  ITTAPI function instrumented: __itt_stack_caller_destroy
576 : 0xc047884330 : 2 : ittapi_config_apply_per_lib :  ITTAPI function instrumented: __itt_stack_callee_enter
576 : 0xc047884343 : 2 : ittapi_config_apply_per_lib :  ITTAPI function instrumented: __itt_stack_callee_leave
576 : 0xc047884357 : 2 : ittapi_config_apply_per_lib :  ITTAPI function not implemented: __itt_clock_domain_create
576 : 0xc04788436a : 2 : ittapi_config_apply_per_lib :  ITTAPI function not implemented: __itt_clock_domain_reset
576 : 0xc04788437d : 2 : ittapi_config_apply_per_lib :  ITTAPI function not implemented: __itt_id_create_ex
576 : 0xc04788438f : 2 : ittapi_config_apply_per_lib :  ITTAPI function not implemented: __itt_id_destroy_ex
576 : 0xc0478843a3 : 2 : ittapi_config_apply_per_lib :  ITTAPI function not implemented: __itt_task_begin_ex
576 : 0xc0478843b6 : 2 : ittapi_config_apply_per_lib :  ITTAPI function not implemented: __itt_task_begin_fn_ex
576 : 0xc0478843c9 : 2 : ittapi_config_apply_per_lib :  ITTAPI function not implemented: __itt_task_end_ex
576 : 0xc0478843d9 : 2 : ittapi_config_apply_per_lib :  ITTAPI function instrumented: __itt_task_begin_overlapped
576 : 0xc04788440d : 2 : ittapi_config_apply_per_lib :  ITTAPI function not implemented: __itt_task_begin_overlapped_ex
576 : 0xc04788441f : 2 : ittapi_config_apply_per_lib :  ITTAPI function instrumented: __itt_task_end_overlapped
576 : 0xc047884432 : 2 : ittapi_config_apply_per_lib :  ITTAPI function not implemented: __itt_task_end_overlapped_ex
576 : 0xc047884444 : 2 : ittapi_config_apply_per_lib :  ITTAPI function not implemented: __itt_marker_ex
576 : 0xc047884456 : 2 : ittapi_config_apply_per_lib :  ITTAPI function not implemented: __itt_metadata_add_with_scope
576 : 0xc047884468 : 2 : ittapi_config_apply_per_lib :  ITTAPI function not implemented: __itt_metadata_str_add_with_scopeA
576 : 0xc04788447b : 2 : ittapi_config_apply_per_lib :  ITTAPI function not implemented: __itt_metadata_str_add_with_scopeW
576 : 0xc04788448e : 2 : ittapi_config_apply_per_lib :  ITTAPI function not implemented: __itt_relation_add_to_current_ex
576 : 0xc04788449f : 2 : ittapi_config_apply_per_lib :  ITTAPI function not implemented: __itt_relation_add_ex
576 : 0xc0478844b0 : 2 : ittapi_config_apply_per_lib :  ITTAPI function not implemented: __itt_track_group_create
576 : 0xc0478844dc : 2 : ittapi_config_apply_per_lib :  ITTAPI function not implemented: __itt_track_create
576 : 0xc0478844f1 : 2 : ittapi_config_apply_per_lib :  ITTAPI function not implemented: __itt_set_track
576 : 0xc047884502 : 2 : ittapi_config_apply_per_lib :  ITTAPI function instrumented: __itt_api_version
576 : 0xc047884515 : 2 : ittapi_config_apply_per_lib :  ITTAPI function not implemented: __itt_av_saveA
576 : 0xc047884527 : 2 : ittapi_config_apply_per_lib :  ITTAPI function not implemented: __itt_av_saveW